Performing C SOURCE FILE Test CMAKE_HAVE_LIBC_PTHREAD failed with the following output:
Change Dir: /home/sdd/mmsys23-version-0.5-20230403/mmsys23lib-dev-xzc/CMakeFiles/CMakeTmp

Run Build Command(s):/usr/bin/make cmTC_0b302/fast && /usr/bin/make -f CMakeFiles/cmTC_0b302.dir/build.make CMakeFiles/cmTC_0b302.dir/build
make[1]: 进入目录“/home/sdd/mmsys23-version-0.5-20230403/mmsys23lib-dev-xzc/CMakeFiles/CMakeTmp”
Building C object CMakeFiles/cmTC_0b302.dir/src.c.o
/usr/bin/cc   -DCMAKE_HAVE_LIBC_PTHREAD   -o CMakeFiles/cmTC_0b302.dir/src.c.o   -c /home/sdd/mmsys23-version-0.5-20230403/mmsys23lib-dev-xzc/CMakeFiles/CMakeTmp/src.c
Linking C executable cmTC_0b302
/usr/bin/cmake -E cmake_link_script CMakeFiles/cmTC_0b302.dir/link.txt --verbose=1
/usr/bin/cc  -DCMAKE_HAVE_LIBC_PTHREAD    CMakeFiles/cmTC_0b302.dir/src.c.o  -o cmTC_0b302 
/usr/bin/ld: CMakeFiles/cmTC_0b302.dir/src.c.o: in function `main':
src.c:(.text+0x46): undefined reference to `pthread_create'
/usr/bin/ld: src.c:(.text+0x52): undefined reference to `pthread_detach'
/usr/bin/ld: src.c:(.text+0x63): undefined reference to `pthread_join'
collect2: error: ld returned 1 exit status
make[1]: *** [CMakeFiles/cmTC_0b302.dir/build.make:87：cmTC_0b302] 错误 1
make[1]: 离开目录“/home/sdd/mmsys23-version-0.5-20230403/mmsys23lib-dev-xzc/CMakeFiles/CMakeTmp”
make: *** [Makefile:121：cmTC_0b302/fast] 错误 2


Source file was:
#include <pthread.h>

void* test_func(void* data)
{
  return data;
}

int main(void)
{
  pthread_t thread;
  pthread_create(&thread, NULL, test_func, NULL);
  pthread_detach(thread);
  pthread_join(thread, NULL);
  pthread_atfork(NULL, NULL, NULL);
  pthread_exit(NULL);

  return 0;
}

Determining if the function pthread_create exists in the pthreads failed with the following output:
Change Dir: /home/sdd/mmsys23-version-0.5-20230403/mmsys23lib-dev-xzc/CMakeFiles/CMakeTmp

Run Build Command(s):/usr/bin/make cmTC_c55b7/fast && /usr/bin/make -f CMakeFiles/cmTC_c55b7.dir/build.make CMakeFiles/cmTC_c55b7.dir/build
make[1]: 进入目录“/home/sdd/mmsys23-version-0.5-20230403/mmsys23lib-dev-xzc/CMakeFiles/CMakeTmp”
Building C object CMakeFiles/cmTC_c55b7.dir/CheckFunctionExists.c.o
/usr/bin/cc   -DCHECK_FUNCTION_EXISTS=pthread_create   -o CMakeFiles/cmTC_c55b7.dir/CheckFunctionExists.c.o   -c /usr/share/cmake-3.16/Modules/CheckFunctionExists.c
Linking C executable cmTC_c55b7
/usr/bin/cmake -E cmake_link_script CMakeFiles/cmTC_c55b7.dir/link.txt --verbose=1
/usr/bin/cc  -DCHECK_FUNCTION_EXISTS=pthread_create    CMakeFiles/cmTC_c55b7.dir/CheckFunctionExists.c.o  -o cmTC_c55b7  -lpthreads 
/usr/bin/ld: 找不到 -lpthreads
collect2: error: ld returned 1 exit status
make[1]: *** [CMakeFiles/cmTC_c55b7.dir/build.make:87：cmTC_c55b7] 错误 1
make[1]: 离开目录“/home/sdd/mmsys23-version-0.5-20230403/mmsys23lib-dev-xzc/CMakeFiles/CMakeTmp”
make: *** [Makefile:121：cmTC_c55b7/fast] 错误 2



Performing C SOURCE FILE Test CMAKE_HAVE_LIBC_PTHREAD failed with the following output:
Change Dir: /home/sdd/baiste_team/mmsys23-version-0.5-20230403/mmsys23lib-dev-xzc/CMakeFiles/CMakeTmp

Run Build Command(s):/usr/bin/make cmTC_35097/fast && /usr/bin/make -f CMakeFiles/cmTC_35097.dir/build.make CMakeFiles/cmTC_35097.dir/build
make[1]: 进入目录“/home/sdd/baiste_team/mmsys23-version-0.5-20230403/mmsys23lib-dev-xzc/CMakeFiles/CMakeTmp”
Building C object CMakeFiles/cmTC_35097.dir/src.c.o
/usr/bin/cc   -DCMAKE_HAVE_LIBC_PTHREAD   -o CMakeFiles/cmTC_35097.dir/src.c.o   -c /home/sdd/baiste_team/mmsys23-version-0.5-20230403/mmsys23lib-dev-xzc/CMakeFiles/CMakeTmp/src.c
Linking C executable cmTC_35097
/usr/bin/cmake -E cmake_link_script CMakeFiles/cmTC_35097.dir/link.txt --verbose=1
/usr/bin/cc  -DCMAKE_HAVE_LIBC_PTHREAD    CMakeFiles/cmTC_35097.dir/src.c.o  -o cmTC_35097 
/usr/bin/ld: CMakeFiles/cmTC_35097.dir/src.c.o: in function `main':
src.c:(.text+0x46): undefined reference to `pthread_create'
/usr/bin/ld: src.c:(.text+0x52): undefined reference to `pthread_detach'
/usr/bin/ld: src.c:(.text+0x63): undefined reference to `pthread_join'
collect2: error: ld returned 1 exit status
make[1]: *** [CMakeFiles/cmTC_35097.dir/build.make:87：cmTC_35097] 错误 1
make[1]: 离开目录“/home/sdd/baiste_team/mmsys23-version-0.5-20230403/mmsys23lib-dev-xzc/CMakeFiles/CMakeTmp”
make: *** [Makefile:121：cmTC_35097/fast] 错误 2


Source file was:
#include <pthread.h>

void* test_func(void* data)
{
  return data;
}

int main(void)
{
  pthread_t thread;
  pthread_create(&thread, NULL, test_func, NULL);
  pthread_detach(thread);
  pthread_join(thread, NULL);
  pthread_atfork(NULL, NULL, NULL);
  pthread_exit(NULL);

  return 0;
}

Determining if the function pthread_create exists in the pthreads failed with the following output:
Change Dir: /home/sdd/baiste_team/mmsys23-version-0.5-20230403/mmsys23lib-dev-xzc/CMakeFiles/CMakeTmp

Run Build Command(s):/usr/bin/make cmTC_3acf9/fast && /usr/bin/make -f CMakeFiles/cmTC_3acf9.dir/build.make CMakeFiles/cmTC_3acf9.dir/build
make[1]: 进入目录“/home/sdd/baiste_team/mmsys23-version-0.5-20230403/mmsys23lib-dev-xzc/CMakeFiles/CMakeTmp”
Building C object CMakeFiles/cmTC_3acf9.dir/CheckFunctionExists.c.o
/usr/bin/cc   -DCHECK_FUNCTION_EXISTS=pthread_create   -o CMakeFiles/cmTC_3acf9.dir/CheckFunctionExists.c.o   -c /usr/share/cmake-3.16/Modules/CheckFunctionExists.c
Linking C executable cmTC_3acf9
/usr/bin/cmake -E cmake_link_script CMakeFiles/cmTC_3acf9.dir/link.txt --verbose=1
/usr/bin/cc  -DCHECK_FUNCTION_EXISTS=pthread_create    CMakeFiles/cmTC_3acf9.dir/CheckFunctionExists.c.o  -o cmTC_3acf9  -lpthreads 
/usr/bin/ld: 找不到 -lpthreads
collect2: error: ld returned 1 exit status
make[1]: *** [CMakeFiles/cmTC_3acf9.dir/build.make:87：cmTC_3acf9] 错误 1
make[1]: 离开目录“/home/sdd/baiste_team/mmsys23-version-0.5-20230403/mmsys23lib-dev-xzc/CMakeFiles/CMakeTmp”
make: *** [Makefile:121：cmTC_3acf9/fast] 错误 2



Performing C SOURCE FILE Test CMAKE_HAVE_LIBC_PTHREAD failed with the following output:
Change Dir: /home/sdd/baiste_team/mmsys23-version-0.5-20230403/mmsys23lib-dev-xzc/CMakeFiles/CMakeTmp

Run Build Command(s):/usr/bin/make cmTC_02895/fast && /usr/bin/make -f CMakeFiles/cmTC_02895.dir/build.make CMakeFiles/cmTC_02895.dir/build
make[1]: 进入目录“/home/sdd/baiste_team/mmsys23-version-0.5-20230403/mmsys23lib-dev-xzc/CMakeFiles/CMakeTmp”
Building C object CMakeFiles/cmTC_02895.dir/src.c.o
/usr/bin/cc   -DCMAKE_HAVE_LIBC_PTHREAD   -o CMakeFiles/cmTC_02895.dir/src.c.o   -c /home/sdd/baiste_team/mmsys23-version-0.5-20230403/mmsys23lib-dev-xzc/CMakeFiles/CMakeTmp/src.c
Linking C executable cmTC_02895
/usr/bin/cmake -E cmake_link_script CMakeFiles/cmTC_02895.dir/link.txt --verbose=1
/usr/bin/cc  -DCMAKE_HAVE_LIBC_PTHREAD    CMakeFiles/cmTC_02895.dir/src.c.o  -o cmTC_02895 
/usr/bin/ld: CMakeFiles/cmTC_02895.dir/src.c.o: in function `main':
src.c:(.text+0x46): undefined reference to `pthread_create'
/usr/bin/ld: src.c:(.text+0x52): undefined reference to `pthread_detach'
/usr/bin/ld: src.c:(.text+0x63): undefined reference to `pthread_join'
collect2: error: ld returned 1 exit status
make[1]: *** [CMakeFiles/cmTC_02895.dir/build.make:87：cmTC_02895] 错误 1
make[1]: 离开目录“/home/sdd/baiste_team/mmsys23-version-0.5-20230403/mmsys23lib-dev-xzc/CMakeFiles/CMakeTmp”
make: *** [Makefile:121：cmTC_02895/fast] 错误 2


Source file was:
#include <pthread.h>

void* test_func(void* data)
{
  return data;
}

int main(void)
{
  pthread_t thread;
  pthread_create(&thread, NULL, test_func, NULL);
  pthread_detach(thread);
  pthread_join(thread, NULL);
  pthread_atfork(NULL, NULL, NULL);
  pthread_exit(NULL);

  return 0;
}

Determining if the function pthread_create exists in the pthreads failed with the following output:
Change Dir: /home/sdd/baiste_team/mmsys23-version-0.5-20230403/mmsys23lib-dev-xzc/CMakeFiles/CMakeTmp

Run Build Command(s):/usr/bin/make cmTC_fa715/fast && /usr/bin/make -f CMakeFiles/cmTC_fa715.dir/build.make CMakeFiles/cmTC_fa715.dir/build
make[1]: 进入目录“/home/sdd/baiste_team/mmsys23-version-0.5-20230403/mmsys23lib-dev-xzc/CMakeFiles/CMakeTmp”
Building C object CMakeFiles/cmTC_fa715.dir/CheckFunctionExists.c.o
/usr/bin/cc   -DCHECK_FUNCTION_EXISTS=pthread_create   -o CMakeFiles/cmTC_fa715.dir/CheckFunctionExists.c.o   -c /usr/share/cmake-3.16/Modules/CheckFunctionExists.c
Linking C executable cmTC_fa715
/usr/bin/cmake -E cmake_link_script CMakeFiles/cmTC_fa715.dir/link.txt --verbose=1
/usr/bin/cc  -DCHECK_FUNCTION_EXISTS=pthread_create    CMakeFiles/cmTC_fa715.dir/CheckFunctionExists.c.o  -o cmTC_fa715  -lpthreads 
/usr/bin/ld: 找不到 -lpthreads
collect2: error: ld returned 1 exit status
make[1]: *** [CMakeFiles/cmTC_fa715.dir/build.make:87：cmTC_fa715] 错误 1
make[1]: 离开目录“/home/sdd/baiste_team/mmsys23-version-0.5-20230403/mmsys23lib-dev-xzc/CMakeFiles/CMakeTmp”
make: *** [Makefile:121：cmTC_fa715/fast] 错误 2



Performing C SOURCE FILE Test CMAKE_HAVE_LIBC_PTHREAD failed with the following output:
Change Dir: /home/sdd/baiste_team/mmsys23-version-0.5-20230403/mmsys23lib-dev-xzc/CMakeFiles/CMakeTmp

Run Build Command(s):/usr/bin/make cmTC_cf791/fast && /usr/bin/make -f CMakeFiles/cmTC_cf791.dir/build.make CMakeFiles/cmTC_cf791.dir/build
make[1]: 进入目录“/home/sdd/baiste_team/mmsys23-version-0.5-20230403/mmsys23lib-dev-xzc/CMakeFiles/CMakeTmp”
Building C object CMakeFiles/cmTC_cf791.dir/src.c.o
/usr/bin/cc   -DCMAKE_HAVE_LIBC_PTHREAD   -o CMakeFiles/cmTC_cf791.dir/src.c.o   -c /home/sdd/baiste_team/mmsys23-version-0.5-20230403/mmsys23lib-dev-xzc/CMakeFiles/CMakeTmp/src.c
Linking C executable cmTC_cf791
/usr/bin/cmake -E cmake_link_script CMakeFiles/cmTC_cf791.dir/link.txt --verbose=1
/usr/bin/cc  -DCMAKE_HAVE_LIBC_PTHREAD    CMakeFiles/cmTC_cf791.dir/src.c.o  -o cmTC_cf791 
/usr/bin/ld: CMakeFiles/cmTC_cf791.dir/src.c.o: in function `main':
src.c:(.text+0x46): undefined reference to `pthread_create'
/usr/bin/ld: src.c:(.text+0x52): undefined reference to `pthread_detach'
/usr/bin/ld: src.c:(.text+0x63): undefined reference to `pthread_join'
collect2: error: ld returned 1 exit status
make[1]: *** [CMakeFiles/cmTC_cf791.dir/build.make:87：cmTC_cf791] 错误 1
make[1]: 离开目录“/home/sdd/baiste_team/mmsys23-version-0.5-20230403/mmsys23lib-dev-xzc/CMakeFiles/CMakeTmp”
make: *** [Makefile:121：cmTC_cf791/fast] 错误 2


Source file was:
#include <pthread.h>

void* test_func(void* data)
{
  return data;
}

int main(void)
{
  pthread_t thread;
  pthread_create(&thread, NULL, test_func, NULL);
  pthread_detach(thread);
  pthread_join(thread, NULL);
  pthread_atfork(NULL, NULL, NULL);
  pthread_exit(NULL);

  return 0;
}

Determining if the function pthread_create exists in the pthreads failed with the following output:
Change Dir: /home/sdd/baiste_team/mmsys23-version-0.5-20230403/mmsys23lib-dev-xzc/CMakeFiles/CMakeTmp

Run Build Command(s):/usr/bin/make cmTC_eacfd/fast && /usr/bin/make -f CMakeFiles/cmTC_eacfd.dir/build.make CMakeFiles/cmTC_eacfd.dir/build
make[1]: 进入目录“/home/sdd/baiste_team/mmsys23-version-0.5-20230403/mmsys23lib-dev-xzc/CMakeFiles/CMakeTmp”
Building C object CMakeFiles/cmTC_eacfd.dir/CheckFunctionExists.c.o
/usr/bin/cc   -DCHECK_FUNCTION_EXISTS=pthread_create   -o CMakeFiles/cmTC_eacfd.dir/CheckFunctionExists.c.o   -c /usr/share/cmake-3.16/Modules/CheckFunctionExists.c
Linking C executable cmTC_eacfd
/usr/bin/cmake -E cmake_link_script CMakeFiles/cmTC_eacfd.dir/link.txt --verbose=1
/usr/bin/cc  -DCHECK_FUNCTION_EXISTS=pthread_create    CMakeFiles/cmTC_eacfd.dir/CheckFunctionExists.c.o  -o cmTC_eacfd  -lpthreads 
/usr/bin/ld: 找不到 -lpthreads
collect2: error: ld returned 1 exit status
make[1]: *** [CMakeFiles/cmTC_eacfd.dir/build.make:87：cmTC_eacfd] 错误 1
make[1]: 离开目录“/home/sdd/baiste_team/mmsys23-version-0.5-20230403/mmsys23lib-dev-xzc/CMakeFiles/CMakeTmp”
make: *** [Makefile:121：cmTC_eacfd/fast] 错误 2



Performing C SOURCE FILE Test CMAKE_HAVE_LIBC_PTHREAD failed with the following output:
Change Dir: /home/sdd/baiste_team/mmsys23-version-0.5-20230403/mmsys23lib-dev-xzc/CMakeFiles/CMakeTmp

Run Build Command(s):/usr/bin/make cmTC_bf3af/fast && /usr/bin/make -f CMakeFiles/cmTC_bf3af.dir/build.make CMakeFiles/cmTC_bf3af.dir/build
make[1]: 进入目录“/home/sdd/baiste_team/mmsys23-version-0.5-20230403/mmsys23lib-dev-xzc/CMakeFiles/CMakeTmp”
Building C object CMakeFiles/cmTC_bf3af.dir/src.c.o
/usr/bin/cc   -DCMAKE_HAVE_LIBC_PTHREAD   -o CMakeFiles/cmTC_bf3af.dir/src.c.o   -c /home/sdd/baiste_team/mmsys23-version-0.5-20230403/mmsys23lib-dev-xzc/CMakeFiles/CMakeTmp/src.c
Linking C executable cmTC_bf3af
/usr/bin/cmake -E cmake_link_script CMakeFiles/cmTC_bf3af.dir/link.txt --verbose=1
/usr/bin/cc  -DCMAKE_HAVE_LIBC_PTHREAD    CMakeFiles/cmTC_bf3af.dir/src.c.o  -o cmTC_bf3af 
/usr/bin/ld: CMakeFiles/cmTC_bf3af.dir/src.c.o: in function `main':
src.c:(.text+0x46): undefined reference to `pthread_create'
/usr/bin/ld: src.c:(.text+0x52): undefined reference to `pthread_detach'
/usr/bin/ld: src.c:(.text+0x63): undefined reference to `pthread_join'
collect2: error: ld returned 1 exit status
make[1]: *** [CMakeFiles/cmTC_bf3af.dir/build.make:87：cmTC_bf3af] 错误 1
make[1]: 离开目录“/home/sdd/baiste_team/mmsys23-version-0.5-20230403/mmsys23lib-dev-xzc/CMakeFiles/CMakeTmp”
make: *** [Makefile:121：cmTC_bf3af/fast] 错误 2


Source file was:
#include <pthread.h>

void* test_func(void* data)
{
  return data;
}

int main(void)
{
  pthread_t thread;
  pthread_create(&thread, NULL, test_func, NULL);
  pthread_detach(thread);
  pthread_join(thread, NULL);
  pthread_atfork(NULL, NULL, NULL);
  pthread_exit(NULL);

  return 0;
}

Determining if the function pthread_create exists in the pthreads failed with the following output:
Change Dir: /home/sdd/baiste_team/mmsys23-version-0.5-20230403/mmsys23lib-dev-xzc/CMakeFiles/CMakeTmp

Run Build Command(s):/usr/bin/make cmTC_f6a3f/fast && /usr/bin/make -f CMakeFiles/cmTC_f6a3f.dir/build.make CMakeFiles/cmTC_f6a3f.dir/build
make[1]: 进入目录“/home/sdd/baiste_team/mmsys23-version-0.5-20230403/mmsys23lib-dev-xzc/CMakeFiles/CMakeTmp”
Building C object CMakeFiles/cmTC_f6a3f.dir/CheckFunctionExists.c.o
/usr/bin/cc   -DCHECK_FUNCTION_EXISTS=pthread_create   -o CMakeFiles/cmTC_f6a3f.dir/CheckFunctionExists.c.o   -c /usr/share/cmake-3.16/Modules/CheckFunctionExists.c
Linking C executable cmTC_f6a3f
/usr/bin/cmake -E cmake_link_script CMakeFiles/cmTC_f6a3f.dir/link.txt --verbose=1
/usr/bin/cc  -DCHECK_FUNCTION_EXISTS=pthread_create    CMakeFiles/cmTC_f6a3f.dir/CheckFunctionExists.c.o  -o cmTC_f6a3f  -lpthreads 
/usr/bin/ld: 找不到 -lpthreads
collect2: error: ld returned 1 exit status
make[1]: *** [CMakeFiles/cmTC_f6a3f.dir/build.make:87：cmTC_f6a3f] 错误 1
make[1]: 离开目录“/home/sdd/baiste_team/mmsys23-version-0.5-20230403/mmsys23lib-dev-xzc/CMakeFiles/CMakeTmp”
make: *** [Makefile:121：cmTC_f6a3f/fast] 错误 2



